<?xml version="1.0" encoding="UTF-8"?>
<!-- Generated by org.testng.reporters.JUnitXMLReporter -->
<testsuite ignored="0" hostname="INVIND760" failures="1" tests="16" name="Aenglo App Test" time="81.542" errors="0" timestamp="19 Apr 2023 05:30:02 GMT">
  <testcase classname="testCases.TC_001_Resource_Not_Found_Presente_Or_Not" name="TC_001_404_Check" time="5.484">
    <failure type="java.lang.AssertionError" message="expected [true] but found [false]">
      <![CDATA[java.lang.AssertionError: expected [true] but found [false]
at testCases.TC_001_Resource_Not_Found_Presente_Or_Not.TC_001_404_Check(TC_001_Resource_Not_Found_Presente_Or_Not.java:80)
... Removed 29 stack frames]]>
    </failure>
  </testcase> <!-- TC_001_404_Check -->
  <testcase classname="testCases.TC_001_Resource_Not_Found_Presente_Or_Not" name="TC_001_404_Check" time="4.694"/>
  <testcase classname="testCases.TC_001_Resource_Not_Found_Presente_Or_Not" name="TC_001_404_Check" time="4.311"/>
  <testcase classname="testCases.TC_001_Resource_Not_Found_Presente_Or_Not" name="TC_001_404_Check" time="4.292"/>
  <testcase classname="testCases.TC_001_Resource_Not_Found_Presente_Or_Not" name="TC_001_404_Check" time="4.272"/>
  <testcase classname="testCases.TC_001_Resource_Not_Found_Presente_Or_Not" name="TC_001_404_Check" time="4.376"/>
  <testcase classname="testCases.TC_001_Resource_Not_Found_Presente_Or_Not" name="TC_001_404_Check" time="4.283"/>
  <testcase classname="testCases.TC_001_Resource_Not_Found_Presente_Or_Not" name="TC_001_404_Check" time="5.999"/>
  <testcase classname="testCases.TC_001_Resource_Not_Found_Presente_Or_Not" name="TC_001_404_Check" time="5.131"/>
  <testcase classname="testCases.TC_001_Resource_Not_Found_Presente_Or_Not" name="TC_001_404_Check" time="4.392"/>
  <testcase classname="testCases.TC_001_Resource_Not_Found_Presente_Or_Not" name="TC_001_404_Check" time="4.288"/>
  <testcase classname="testCases.TC_001_Resource_Not_Found_Presente_Or_Not" name="TC_001_404_Check" time="4.412"/>
  <testcase classname="testCases.TC_001_Resource_Not_Found_Presente_Or_Not" name="TC_001_404_Check" time="4.417"/>
  <testcase classname="testCases.TC_001_Resource_Not_Found_Presente_Or_Not" name="TC_001_404_Check" time="4.587"/>
  <testcase classname="testCases.TC_001_Resource_Not_Found_Presente_Or_Not" name="TC_001_404_Check" time="4.414"/>
  <testcase classname="testCases.TC_001_Resource_Not_Found_Presente_Or_Not" name="TC_001_404_Check" time="4.393"/>
</testsuite> <!-- Aenglo App Test -->
