<?xml version="1.0" encoding="UTF-8"?>
<!-- Generated by org.testng.reporters.JUnitXMLReporter -->
<testsuite ignored="0" hostname="INVIND760" failures="1" tests="1" name="Aenglo App Test" time="4.363" errors="0" timestamp="25 Apr 2023 11:39:12 GMT">
  <testcase classname="testCases.TC_001_Resource_Not_Found_Presente_Or_Not" name="TC_001_404_Check" time="1.3">
    <failure type="org.testng.internal.reflect.MethodMatcherException" message="
Data provider mismatch
Method: TC_001_404_Check([Parameter{index=0, type=java.lang.String, declaredAnnotations=[]}])
Arguments: [(java.lang.String) https://nusaratmehdihaveliwala.web.app/,(java.lang.String) 0]">
      <![CDATA[org.testng.internal.reflect.MethodMatcherException: 
Data provider mismatch
Method: TC_001_404_Check([Parameter{index=0, type=java.lang.String, declaredAnnotations=[]}])
Arguments: [(java.lang.String) https://nusaratmehdihaveliwala.web.app/,(java.lang.String) 0]
... Removed 20 stack frames]]>
    </failure>
  </testcase> <!-- TC_001_404_Check -->
</testsuite> <!-- Aenglo App Test -->
