<?xml version="1.0" encoding="UTF-8"?>
<!-- Generated by org.testng.reporters.JUnitXMLReporter -->
<testsuite ignored="0" hostname="INVIND760" failures="0" tests="4" name="BankingApp Test" time="70.163" errors="0" timestamp="14 Apr 2023 06:07:19 GMT">
  <testcase classname="testCases.TC_0009_Delete_Customer_Invalid_Input" name="deleteCustomerScearch" time="13.603"/>
  <testcase classname="testCases.TC_0009_Delete_Customer_Invalid_Input" name="deleteCustomerScearch" time="9.298"/>
  <testcase classname="testCases.TC_0009_Delete_Customer_Invalid_Input" name="deleteCustomerScearch" time="9.618"/>
  <testcase classname="testCases.TC_0009_Delete_Customer_Invalid_Input" name="deleteCustomerScearch" time="8.93"/>
</testsuite> <!-- BankingApp Test -->
