<?xml version="1.0" encoding="UTF-8"?>
<testng-results ignored="0" total="16" passed="15" failed="1" skipped="0">
  <reporter-output>
  </reporter-output>
  <suite started-at="2023-04-19T05:28:40Z" name="InetBankingV1" finished-at="2023-04-19T05:30:02Z" duration-ms="81542">
    <groups>
    </groups>
    <test started-at="2023-04-19T05:28:40Z" name="Aenglo App Test" finished-at="2023-04-19T05:30:02Z" duration-ms="81542">
      <class name="testCases.TC_001_Resource_Not_Found_Presente_Or_Not">
        <test-method is-config="true" signature="setup(java.lang.String)[pri:0, instance:testCases.TC_001_Resource_Not_Found_Presente_Or_Not@2638011]" started-at="2023-04-19T05:28:40Z" name="setup" finished-at="2023-04-19T05:28:46Z" duration-ms="6171" status="PASS">
          <params>
            <param index="0">
              <value>
                <![CDATA[chrome]]>
              </value>
            </param>
          </params>
          <reporter-output>
          </reporter-output>
        </test-method> <!-- setup -->
        <test-method signature="TC_001_404_Check(java.lang.String)[pri:0, instance:testCases.TC_001_Resource_Not_Found_Presente_Or_Not@2638011]" started-at="2023-04-19T05:28:48Z" name="TC_001_404_Check" data-provider="GetUrlData" finished-at="2023-04-19T05:28:53Z" duration-ms="5484" status="FAIL">
          <params>
            <param index="0">
              <value>
                <![CDATA[https://www.angloamericangroupfoundation.org/faq/ulo]]>
              </value>
            </param>
          </params>
          <exception class="java.lang.AssertionError">
            <message>
              <![CDATA[expected [true] but found [false]]]>
            </message>
            <full-stacktrace>
              <![CDATA[java.lang.AssertionError: expected [true] but found [false]
at org.testng.Assert.fail(Assert.java:96)
at org.testng.Assert.failNotEquals(Assert.java:776)
at org.testng.Assert.assertTrue(Assert.java:44)
at org.testng.Assert.assertTrue(Assert.java:54)
at testCases.TC_001_Resource_Not_Found_Presente_Or_Not.TC_001_404_Check(TC_001_Resource_Not_Found_Presente_Or_Not.java:80)
at java.base/jdk.internal.reflect.NativeMethodAccessorImpl.invoke0(Native Method)
at java.base/jdk.internal.reflect.NativeMethodAccessorImpl.invoke(NativeMethodAccessorImpl.java:77)
at java.base/jdk.internal.reflect.DelegatingMethodAccessorImpl.invoke(DelegatingMethodAccessorImpl.java:43)
at java.base/java.lang.reflect.Method.invoke(Method.java:568)
at org.testng.internal.MethodInvocationHelper.invokeMethod(MethodInvocationHelper.java:124)
at org.testng.internal.Invoker.invokeMethod(Invoker.java:583)
at org.testng.internal.Invoker.invokeTestMethod(Invoker.java:719)
at org.testng.internal.Invoker.invokeTestMethods(Invoker.java:989)
at org.testng.internal.TestMethodWorker.invokeTestMethods(TestMethodWorker.java:125)
at org.testng.internal.TestMethodWorker.run(TestMethodWorker.java:109)
at org.testng.TestRunner.privateRun(TestRunner.java:648)
at org.testng.TestRunner.run(TestRunner.java:505)
at org.testng.SuiteRunner.runTest(SuiteRunner.java:455)
at org.testng.SuiteRunner.runSequentially(SuiteRunner.java:450)
at org.testng.SuiteRunner.privateRun(SuiteRunner.java:415)
at org.testng.SuiteRunner.run(SuiteRunner.java:364)
at org.testng.SuiteRunnerWorker.runSuite(SuiteRunnerWorker.java:52)
at org.testng.SuiteRunnerWorker.run(SuiteRunnerWorker.java:84)
at org.testng.TestNG.runSuitesSequentially(TestNG.java:1208)
at org.testng.TestNG.runSuitesLocally(TestNG.java:1137)
at org.testng.TestNG.runSuites(TestNG.java:1049)
at org.testng.TestNG.run(TestNG.java:1017)
at org.testng.remote.AbstractRemoteTestNG.run(AbstractRemoteTestNG.java:115)
at org.testng.remote.RemoteTestNG.initAndRun(RemoteTestNG.java:251)
at org.testng.remote.RemoteTestNG.main(RemoteTestNG.java:77)
]]>
            </full-stacktrace>
          </exception> <!-- java.lang.AssertionError -->
          <reporter-output>
          </reporter-output>
        </test-method> <!-- TC_001_404_Check -->
        <test-method signature="TC_001_404_Check(java.lang.String)[pri:0, instance:testCases.TC_001_Resource_Not_Found_Presente_Or_Not@2638011]" started-at="2023-04-19T05:28:53Z" name="TC_001_404_Check" data-provider="GetUrlData" finished-at="2023-04-19T05:28:58Z" duration-ms="4694" status="PASS">
          <params>
            <param index="0">
              <value>
                <![CDATA[https://www.angloamericangroupfoundation.org/]]>
              </value>
            </param>
          </params>
          <reporter-output>
          </reporter-output>
        </test-method> <!-- TC_001_404_Check -->
        <test-method signature="TC_001_404_Check(java.lang.String)[pri:0, instance:testCases.TC_001_Resource_Not_Found_Presente_Or_Not@2638011]" started-at="2023-04-19T05:28:58Z" name="TC_001_404_Check" data-provider="GetUrlData" finished-at="2023-04-19T05:29:02Z" duration-ms="4311" status="PASS">
          <params>
            <param index="0">
              <value>
                <![CDATA[https://www.angloamericangroupfoundation.org/our-strategic-priorities]]>
              </value>
            </param>
          </params>
          <reporter-output>
          </reporter-output>
        </test-method> <!-- TC_001_404_Check -->
        <test-method signature="TC_001_404_Check(java.lang.String)[pri:0, instance:testCases.TC_001_Resource_Not_Found_Presente_Or_Not@2638011]" started-at="2023-04-19T05:29:02Z" name="TC_001_404_Check" data-provider="GetUrlData" finished-at="2023-04-19T05:29:07Z" duration-ms="4292" status="PASS">
          <params>
            <param index="0">
              <value>
                <![CDATA[https://www.angloamericangroupfoundation.org/where-we-work]]>
              </value>
            </param>
          </params>
          <reporter-output>
          </reporter-output>
        </test-method> <!-- TC_001_404_Check -->
        <test-method signature="TC_001_404_Check(java.lang.String)[pri:0, instance:testCases.TC_001_Resource_Not_Found_Presente_Or_Not@2638011]" started-at="2023-04-19T05:29:07Z" name="TC_001_404_Check" data-provider="GetUrlData" finished-at="2023-04-19T05:29:11Z" duration-ms="4272" status="PASS">
          <params>
            <param index="0">
              <value>
                <![CDATA[https://www.angloamericangroupfoundation.org/our-partners]]>
              </value>
            </param>
          </params>
          <reporter-output>
          </reporter-output>
        </test-method> <!-- TC_001_404_Check -->
        <test-method signature="TC_001_404_Check(java.lang.String)[pri:0, instance:testCases.TC_001_Resource_Not_Found_Presente_Or_Not@2638011]" started-at="2023-04-19T05:29:11Z" name="TC_001_404_Check" data-provider="GetUrlData" finished-at="2023-04-19T05:29:15Z" duration-ms="4376" status="PASS">
          <params>
            <param index="0">
              <value>
                <![CDATA[https://www.angloamericangroupfoundation.org/ambassadors-for-good]]>
              </value>
            </param>
          </params>
          <reporter-output>
          </reporter-output>
        </test-method> <!-- TC_001_404_Check -->
        <test-method signature="TC_001_404_Check(java.lang.String)[pri:0, instance:testCases.TC_001_Resource_Not_Found_Presente_Or_Not@2638011]" started-at="2023-04-19T05:29:15Z" name="TC_001_404_Check" data-provider="GetUrlData" finished-at="2023-04-19T05:29:20Z" duration-ms="4283" status="PASS">
          <params>
            <param index="0">
              <value>
                <![CDATA[https://www.angloamericangroupfoundation.org/faq]]>
              </value>
            </param>
          </params>
          <reporter-output>
          </reporter-output>
        </test-method> <!-- TC_001_404_Check -->
        <test-method signature="TC_001_404_Check(java.lang.String)[pri:0, instance:testCases.TC_001_Resource_Not_Found_Presente_Or_Not@2638011]" started-at="2023-04-19T05:29:20Z" name="TC_001_404_Check" data-provider="GetUrlData" finished-at="2023-04-19T05:29:26Z" duration-ms="5999" status="PASS">
          <params>
            <param index="0">
              <value>
                <![CDATA[https://www.angloamericangroupfoundation.org/site-services]]>
              </value>
            </param>
          </params>
          <reporter-output>
          </reporter-output>
        </test-method> <!-- TC_001_404_Check -->
        <test-method signature="TC_001_404_Check(java.lang.String)[pri:0, instance:testCases.TC_001_Resource_Not_Found_Presente_Or_Not@2638011]" started-at="2023-04-19T05:29:26Z" name="TC_001_404_Check" data-provider="GetUrlData" finished-at="2023-04-19T05:29:31Z" duration-ms="5131" status="PASS">
          <params>
            <param index="0">
              <value>
                <![CDATA[https://www.angloamericangroupfoundation.org/preview-protection]]>
              </value>
            </param>
          </params>
          <reporter-output>
          </reporter-output>
        </test-method> <!-- TC_001_404_Check -->
        <test-method signature="TC_001_404_Check(java.lang.String)[pri:0, instance:testCases.TC_001_Resource_Not_Found_Presente_Or_Not@2638011]" started-at="2023-04-19T05:29:31Z" name="TC_001_404_Check" data-provider="GetUrlData" finished-at="2023-04-19T05:29:35Z" duration-ms="4392" status="PASS">
          <params>
            <param index="0">
              <value>
                <![CDATA[https://www.angloamericangroupfoundation.org/robots]]>
              </value>
            </param>
          </params>
          <reporter-output>
          </reporter-output>
        </test-method> <!-- TC_001_404_Check -->
        <test-method signature="TC_001_404_Check(java.lang.String)[pri:0, instance:testCases.TC_001_Resource_Not_Found_Presente_Or_Not@2638011]" started-at="2023-04-19T05:29:35Z" name="TC_001_404_Check" data-provider="GetUrlData" finished-at="2023-04-19T05:29:39Z" duration-ms="4288" status="PASS">
          <params>
            <param index="0">
              <value>
                <![CDATA[https://www.angloamericangroupfoundation.org/site-services/site-map]]>
              </value>
            </param>
          </params>
          <reporter-output>
          </reporter-output>
        </test-method> <!-- TC_001_404_Check -->
        <test-method signature="TC_001_404_Check(java.lang.String)[pri:0, instance:testCases.TC_001_Resource_Not_Found_Presente_Or_Not@2638011]" started-at="2023-04-19T05:29:39Z" name="TC_001_404_Check" data-provider="GetUrlData" finished-at="2023-04-19T05:29:44Z" duration-ms="4412" status="PASS">
          <params>
            <param index="0">
              <value>
                <![CDATA[https://www.angloamericangroupfoundation.org/site-services/cookie-policy]]>
              </value>
            </param>
          </params>
          <reporter-output>
          </reporter-output>
        </test-method> <!-- TC_001_404_Check -->
        <test-method signature="TC_001_404_Check(java.lang.String)[pri:0, instance:testCases.TC_001_Resource_Not_Found_Presente_Or_Not@2638011]" started-at="2023-04-19T05:29:44Z" name="TC_001_404_Check" data-provider="GetUrlData" finished-at="2023-04-19T05:29:48Z" duration-ms="4417" status="PASS">
          <params>
            <param index="0">
              <value>
                <![CDATA[https://www.angloamericangroupfoundation.org/site-services/accessibility]]>
              </value>
            </param>
          </params>
          <reporter-output>
          </reporter-output>
        </test-method> <!-- TC_001_404_Check -->
        <test-method signature="TC_001_404_Check(java.lang.String)[pri:0, instance:testCases.TC_001_Resource_Not_Found_Presente_Or_Not@2638011]" started-at="2023-04-19T05:29:48Z" name="TC_001_404_Check" data-provider="GetUrlData" finished-at="2023-04-19T05:29:53Z" duration-ms="4587" status="PASS">
          <params>
            <param index="0">
              <value>
                <![CDATA[https://www.angloamericangroupfoundation.org/site-services/privacy-policy]]>
              </value>
            </param>
          </params>
          <reporter-output>
          </reporter-output>
        </test-method> <!-- TC_001_404_Check -->
        <test-method signature="TC_001_404_Check(java.lang.String)[pri:0, instance:testCases.TC_001_Resource_Not_Found_Presente_Or_Not@2638011]" started-at="2023-04-19T05:29:53Z" name="TC_001_404_Check" data-provider="GetUrlData" finished-at="2023-04-19T05:29:57Z" duration-ms="4414" status="PASS">
          <params>
            <param index="0">
              <value>
                <![CDATA[https://www.angloamericangroupfoundation.org/site-services/terms-and-conditions]]>
              </value>
            </param>
          </params>
          <reporter-output>
          </reporter-output>
        </test-method> <!-- TC_001_404_Check -->
        <test-method signature="TC_001_404_Check(java.lang.String)[pri:0, instance:testCases.TC_001_Resource_Not_Found_Presente_Or_Not@2638011]" started-at="2023-04-19T05:29:57Z" name="TC_001_404_Check" data-provider="GetUrlData" finished-at="2023-04-19T05:30:02Z" duration-ms="4393" status="PASS">
          <params>
            <param index="0">
              <value>
                <![CDATA[https://www.angloamericangroupfoundation.org/site-services/contact-us]]>
              </value>
            </param>
          </params>
          <reporter-output>
          </reporter-output>
        </test-method> <!-- TC_001_404_Check -->
        <test-method is-config="true" signature="tearDown()[pri:0, instance:testCases.TC_001_Resource_Not_Found_Presente_Or_Not@2638011]" started-at="2023-04-19T05:30:02Z" name="tearDown" finished-at="2023-04-19T05:30:02Z" duration-ms="0" status="PASS">
          <reporter-output>
          </reporter-output>
        </test-method> <!-- tearDown -->
      </class> <!-- testCases.TC_001_Resource_Not_Found_Presente_Or_Not -->
    </test> <!-- Aenglo App Test -->
  </suite> <!-- InetBankingV1 -->
</testng-results>
