<?xml version="1.0" encoding="UTF-8"?>
<testng-results ignored="0" total="16" passed="15" failed="1" skipped="0">
  <reporter-output>
  </reporter-output>
  <suite started-at="2023-04-27T08:46:04Z" name="Aenglo_Sco" finished-at="2023-04-27T08:52:41Z" duration-ms="396613">
    <groups>
    </groups>
    <test started-at="2023-04-27T08:46:04Z" name="Aenglo App Test" finished-at="2023-04-27T08:52:41Z" duration-ms="396613">
      <class name="testCases.TC_005_alt_in_image_test">
        <test-method is-config="true" signature="setup(java.lang.String)[pri:0, instance:testCases.TC_005_alt_in_image_test@2b48a640]" started-at="2023-04-27T08:46:04Z" name="setup" finished-at="2023-04-27T08:46:07Z" duration-ms="2540" status="PASS">
          <params>
            <param index="0">
              <value>
                <![CDATA[firefox]]>
              </value>
            </param>
          </params>
          <reporter-output>
          </reporter-output>
        </test-method> <!-- setup -->
        <test-method signature="TC_005_alt_in_image(java.lang.String, java.lang.String)[pri:0, instance:testCases.TC_005_alt_in_image_test@2b48a640]" started-at="2023-04-27T08:46:08Z" name="TC_005_alt_in_image" data-provider="GetUrlData" finished-at="2023-04-27T08:46:53Z" duration-ms="45219" status="FAIL">
          <params>
            <param index="0">
              <value>
                <![CDATA[https://www.thapatechnical.com/]]>
              </value>
            </param>
            <param index="1">
              <value>
                <![CDATA[0]]>
              </value>
            </param>
          </params>
          <exception class="java.lang.AssertionError">
            <message>
              <![CDATA[expected [true] but found [false]]]>
            </message>
            <full-stacktrace>
              <![CDATA[java.lang.AssertionError: expected [true] but found [false]
at org.testng.Assert.fail(Assert.java:96)
at org.testng.Assert.failNotEquals(Assert.java:776)
at org.testng.Assert.assertTrue(Assert.java:44)
at org.testng.Assert.assertTrue(Assert.java:54)
at testCases.TC_005_alt_in_image_test.TC_005_alt_in_image(TC_005_alt_in_image_test.java:116)
at java.base/jdk.internal.reflect.NativeMethodAccessorImpl.invoke0(Native Method)
at java.base/jdk.internal.reflect.NativeMethodAccessorImpl.invoke(NativeMethodAccessorImpl.java:77)
at java.base/jdk.internal.reflect.DelegatingMethodAccessorImpl.invoke(DelegatingMethodAccessorImpl.java:43)
at java.base/java.lang.reflect.Method.invoke(Method.java:568)
at org.testng.internal.MethodInvocationHelper.invokeMethod(MethodInvocationHelper.java:124)
at org.testng.internal.Invoker.invokeMethod(Invoker.java:583)
at org.testng.internal.Invoker.invokeTestMethod(Invoker.java:719)
at org.testng.internal.Invoker.invokeTestMethods(Invoker.java:989)
at org.testng.internal.TestMethodWorker.invokeTestMethods(TestMethodWorker.java:125)
at org.testng.internal.TestMethodWorker.run(TestMethodWorker.java:109)
at org.testng.TestRunner.privateRun(TestRunner.java:648)
at org.testng.TestRunner.run(TestRunner.java:505)
at org.testng.SuiteRunner.runTest(SuiteRunner.java:455)
at org.testng.SuiteRunner.runSequentially(SuiteRunner.java:450)
at org.testng.SuiteRunner.privateRun(SuiteRunner.java:415)
at org.testng.SuiteRunner.run(SuiteRunner.java:364)
at org.testng.SuiteRunnerWorker.runSuite(SuiteRunnerWorker.java:52)
at org.testng.SuiteRunnerWorker.run(SuiteRunnerWorker.java:84)
at org.testng.TestNG.runSuitesSequentially(TestNG.java:1208)
at org.testng.TestNG.runSuitesLocally(TestNG.java:1137)
at org.testng.TestNG.runSuites(TestNG.java:1049)
at org.testng.TestNG.run(TestNG.java:1017)
at org.testng.remote.AbstractRemoteTestNG.run(AbstractRemoteTestNG.java:115)
at org.testng.remote.RemoteTestNG.initAndRun(RemoteTestNG.java:251)
at org.testng.remote.RemoteTestNG.main(RemoteTestNG.java:77)
]]>
            </full-stacktrace>
          </exception> <!-- java.lang.AssertionError -->
          <reporter-output>
          </reporter-output>
        </test-method> <!-- TC_005_alt_in_image -->
        <test-method signature="TC_005_alt_in_image(java.lang.String, java.lang.String)[pri:0, instance:testCases.TC_005_alt_in_image_test@2b48a640]" started-at="2023-04-27T08:46:53Z" name="TC_005_alt_in_image" data-provider="GetUrlData" finished-at="2023-04-27T08:47:22Z" duration-ms="28441" status="PASS">
          <params>
            <param index="0">
              <value>
                <![CDATA[https://www.angloamericangroupfoundation.org/]]>
              </value>
            </param>
            <param index="1">
              <value>
                <![CDATA[1]]>
              </value>
            </param>
          </params>
          <reporter-output>
          </reporter-output>
        </test-method> <!-- TC_005_alt_in_image -->
        <test-method signature="TC_005_alt_in_image(java.lang.String, java.lang.String)[pri:0, instance:testCases.TC_005_alt_in_image_test@2b48a640]" started-at="2023-04-27T08:47:22Z" name="TC_005_alt_in_image" data-provider="GetUrlData" finished-at="2023-04-27T08:47:41Z" duration-ms="19042" status="PASS">
          <params>
            <param index="0">
              <value>
                <![CDATA[https://www.angloamericangroupfoundation.org/our-strategic-priorities]]>
              </value>
            </param>
            <param index="1">
              <value>
                <![CDATA[2]]>
              </value>
            </param>
          </params>
          <reporter-output>
          </reporter-output>
        </test-method> <!-- TC_005_alt_in_image -->
        <test-method signature="TC_005_alt_in_image(java.lang.String, java.lang.String)[pri:0, instance:testCases.TC_005_alt_in_image_test@2b48a640]" started-at="2023-04-27T08:47:41Z" name="TC_005_alt_in_image" data-provider="GetUrlData" finished-at="2023-04-27T08:48:10Z" duration-ms="29087" status="PASS">
          <params>
            <param index="0">
              <value>
                <![CDATA[https://www.angloamericangroupfoundation.org/where-we-work]]>
              </value>
            </param>
            <param index="1">
              <value>
                <![CDATA[3]]>
              </value>
            </param>
          </params>
          <reporter-output>
          </reporter-output>
        </test-method> <!-- TC_005_alt_in_image -->
        <test-method signature="TC_005_alt_in_image(java.lang.String, java.lang.String)[pri:0, instance:testCases.TC_005_alt_in_image_test@2b48a640]" started-at="2023-04-27T08:48:10Z" name="TC_005_alt_in_image" data-provider="GetUrlData" finished-at="2023-04-27T08:48:39Z" duration-ms="29552" status="PASS">
          <params>
            <param index="0">
              <value>
                <![CDATA[https://www.angloamericangroupfoundation.org/our-partners]]>
              </value>
            </param>
            <param index="1">
              <value>
                <![CDATA[4]]>
              </value>
            </param>
          </params>
          <reporter-output>
          </reporter-output>
        </test-method> <!-- TC_005_alt_in_image -->
        <test-method signature="TC_005_alt_in_image(java.lang.String, java.lang.String)[pri:0, instance:testCases.TC_005_alt_in_image_test@2b48a640]" started-at="2023-04-27T08:48:39Z" name="TC_005_alt_in_image" data-provider="GetUrlData" finished-at="2023-04-27T08:49:08Z" duration-ms="28390" status="PASS">
          <params>
            <param index="0">
              <value>
                <![CDATA[https://www.angloamericangroupfoundation.org/ambassadors-for-good]]>
              </value>
            </param>
            <param index="1">
              <value>
                <![CDATA[5]]>
              </value>
            </param>
          </params>
          <reporter-output>
          </reporter-output>
        </test-method> <!-- TC_005_alt_in_image -->
        <test-method signature="TC_005_alt_in_image(java.lang.String, java.lang.String)[pri:0, instance:testCases.TC_005_alt_in_image_test@2b48a640]" started-at="2023-04-27T08:49:08Z" name="TC_005_alt_in_image" data-provider="GetUrlData" finished-at="2023-04-27T08:49:42Z" duration-ms="34193" status="PASS">
          <params>
            <param index="0">
              <value>
                <![CDATA[https://www.angloamericangroupfoundation.org/faq]]>
              </value>
            </param>
            <param index="1">
              <value>
                <![CDATA[6]]>
              </value>
            </param>
          </params>
          <reporter-output>
          </reporter-output>
        </test-method> <!-- TC_005_alt_in_image -->
        <test-method signature="TC_005_alt_in_image(java.lang.String, java.lang.String)[pri:0, instance:testCases.TC_005_alt_in_image_test@2b48a640]" started-at="2023-04-27T08:49:42Z" name="TC_005_alt_in_image" data-provider="GetUrlData" finished-at="2023-04-27T08:50:02Z" duration-ms="20054" status="PASS">
          <params>
            <param index="0">
              <value>
                <![CDATA[https://www.angloamericangroupfoundation.org/site-services]]>
              </value>
            </param>
            <param index="1">
              <value>
                <![CDATA[7]]>
              </value>
            </param>
          </params>
          <reporter-output>
          </reporter-output>
        </test-method> <!-- TC_005_alt_in_image -->
        <test-method signature="TC_005_alt_in_image(java.lang.String, java.lang.String)[pri:0, instance:testCases.TC_005_alt_in_image_test@2b48a640]" started-at="2023-04-27T08:50:02Z" name="TC_005_alt_in_image" data-provider="GetUrlData" finished-at="2023-04-27T08:50:27Z" duration-ms="24885" status="PASS">
          <params>
            <param index="0">
              <value>
                <![CDATA[https://www.angloamericangroupfoundation.org/preview-protection]]>
              </value>
            </param>
            <param index="1">
              <value>
                <![CDATA[8]]>
              </value>
            </param>
          </params>
          <reporter-output>
          </reporter-output>
        </test-method> <!-- TC_005_alt_in_image -->
        <test-method signature="TC_005_alt_in_image(java.lang.String, java.lang.String)[pri:0, instance:testCases.TC_005_alt_in_image_test@2b48a640]" started-at="2023-04-27T08:50:27Z" name="TC_005_alt_in_image" data-provider="GetUrlData" finished-at="2023-04-27T08:50:39Z" duration-ms="12304" status="PASS">
          <params>
            <param index="0">
              <value>
                <![CDATA[https://www.angloamericangroupfoundation.org/robots]]>
              </value>
            </param>
            <param index="1">
              <value>
                <![CDATA[9]]>
              </value>
            </param>
          </params>
          <reporter-output>
          </reporter-output>
        </test-method> <!-- TC_005_alt_in_image -->
        <test-method signature="TC_005_alt_in_image(java.lang.String, java.lang.String)[pri:0, instance:testCases.TC_005_alt_in_image_test@2b48a640]" started-at="2023-04-27T08:50:39Z" name="TC_005_alt_in_image" data-provider="GetUrlData" finished-at="2023-04-27T08:50:59Z" duration-ms="19312" status="PASS">
          <params>
            <param index="0">
              <value>
                <![CDATA[https://www.angloamericangroupfoundation.org/site-services/site-map]]>
              </value>
            </param>
            <param index="1">
              <value>
                <![CDATA[10]]>
              </value>
            </param>
          </params>
          <reporter-output>
          </reporter-output>
        </test-method> <!-- TC_005_alt_in_image -->
        <test-method signature="TC_005_alt_in_image(java.lang.String, java.lang.String)[pri:0, instance:testCases.TC_005_alt_in_image_test@2b48a640]" started-at="2023-04-27T08:50:59Z" name="TC_005_alt_in_image" data-provider="GetUrlData" finished-at="2023-04-27T08:51:19Z" duration-ms="20216" status="PASS">
          <params>
            <param index="0">
              <value>
                <![CDATA[https://www.angloamericangroupfoundation.org/site-services/cookie-policy]]>
              </value>
            </param>
            <param index="1">
              <value>
                <![CDATA[11]]>
              </value>
            </param>
          </params>
          <reporter-output>
          </reporter-output>
        </test-method> <!-- TC_005_alt_in_image -->
        <test-method signature="TC_005_alt_in_image(java.lang.String, java.lang.String)[pri:0, instance:testCases.TC_005_alt_in_image_test@2b48a640]" started-at="2023-04-27T08:51:19Z" name="TC_005_alt_in_image" data-provider="GetUrlData" finished-at="2023-04-27T08:51:38Z" duration-ms="19575" status="PASS">
          <params>
            <param index="0">
              <value>
                <![CDATA[https://www.angloamericangroupfoundation.org/site-services/accessibility]]>
              </value>
            </param>
            <param index="1">
              <value>
                <![CDATA[12]]>
              </value>
            </param>
          </params>
          <reporter-output>
          </reporter-output>
        </test-method> <!-- TC_005_alt_in_image -->
        <test-method signature="TC_005_alt_in_image(java.lang.String, java.lang.String)[pri:0, instance:testCases.TC_005_alt_in_image_test@2b48a640]" started-at="2023-04-27T08:51:38Z" name="TC_005_alt_in_image" data-provider="GetUrlData" finished-at="2023-04-27T08:51:59Z" duration-ms="20882" status="PASS">
          <params>
            <param index="0">
              <value>
                <![CDATA[https://www.angloamericangroupfoundation.org/site-services/privacy-policy]]>
              </value>
            </param>
            <param index="1">
              <value>
                <![CDATA[13]]>
              </value>
            </param>
          </params>
          <reporter-output>
          </reporter-output>
        </test-method> <!-- TC_005_alt_in_image -->
        <test-method signature="TC_005_alt_in_image(java.lang.String, java.lang.String)[pri:0, instance:testCases.TC_005_alt_in_image_test@2b48a640]" started-at="2023-04-27T08:51:59Z" name="TC_005_alt_in_image" data-provider="GetUrlData" finished-at="2023-04-27T08:52:19Z" duration-ms="19881" status="PASS">
          <params>
            <param index="0">
              <value>
                <![CDATA[https://www.angloamericangroupfoundation.org/site-services/terms-and-conditions]]>
              </value>
            </param>
            <param index="1">
              <value>
                <![CDATA[14]]>
              </value>
            </param>
          </params>
          <reporter-output>
          </reporter-output>
        </test-method> <!-- TC_005_alt_in_image -->
        <test-method signature="TC_005_alt_in_image(java.lang.String, java.lang.String)[pri:0, instance:testCases.TC_005_alt_in_image_test@2b48a640]" started-at="2023-04-27T08:52:19Z" name="TC_005_alt_in_image" data-provider="GetUrlData" finished-at="2023-04-27T08:52:41Z" duration-ms="21415" status="PASS">
          <params>
            <param index="0">
              <value>
                <![CDATA[https://www.angloamericangroupfoundation.org/site-services/contact-us]]>
              </value>
            </param>
            <param index="1">
              <value>
                <![CDATA[15]]>
              </value>
            </param>
          </params>
          <reporter-output>
          </reporter-output>
        </test-method> <!-- TC_005_alt_in_image -->
        <test-method is-config="true" signature="tearDown()[pri:0, instance:testCases.TC_005_alt_in_image_test@2b48a640]" started-at="2023-04-27T08:52:41Z" name="tearDown" finished-at="2023-04-27T08:52:41Z" duration-ms="0" status="PASS">
          <reporter-output>
          </reporter-output>
        </test-method> <!-- tearDown -->
      </class> <!-- testCases.TC_005_alt_in_image_test -->
    </test> <!-- Aenglo App Test -->
  </suite> <!-- Aenglo_Sco -->
</testng-results>
