<?xml version="1.0" encoding="UTF-8"?>
<!-- Generated by org.testng.reporters.JUnitReportReporter -->
<testsuite hostname="INVIND760" failures="0" tests="17" name="testCases.TC_004_Title_Test" time="1.315" errors="1" timestamp="20 Apr 2023 08:45:31 GMT" skipped="16">
  <testcase classname="testCases.TC_004_Title_Test" name="TC_004_Title" time="0.000">
    <skipped/>
  </testcase> <!-- TC_004_Title -->
  <testcase classname="testCases.TC_004_Title_Test" name="TC_004_Title" time="0.000">
    <skipped/>
  </testcase> <!-- TC_004_Title -->
  <testcase classname="testCases.TC_004_Title_Test" name="TC_004_Title" time="0.000">
    <skipped/>
  </testcase> <!-- TC_004_Title -->
  <testcase classname="testCases.TC_004_Title_Test" name="setup" time="1.315">
    <error message="session not created: This version of ChromeDriver only supports Chrome version 110
Current browser version is 112.0.5615.137 with binary path C:\Program Files\Google\Chrome\Application\chrome.exe
Build info: version: &#039;3.14.0&#039;, revision: &#039;aacccce0&#039;, time: &#039;2018-08-02T20:19:58.91Z&#039;
System info: host: &#039;INVIND760&#039;, ip: &#039;192.168.233.50&#039;, os.name: &#039;Windows 11&#039;, os.arch: &#039;amd64&#039;, os.version: &#039;10.0&#039;, java.version: &#039;17.0.6&#039;
Driver info: driver.version: ChromeDriver
remote stacktrace: Backtrace:
	(No symbol) [0x008637D3]
	(No symbol) [0x007F8B81]
	(No symbol) [0x006FB36D]
	(No symbol) [0x0071ED6D]
	(No symbol) [0x00719B90]
	(No symbol) [0x00716FC9]
	(No symbol) [0x00751ED5]
	(No symbol) [0x00751B2C]
	(No symbol) [0x0074B216]
	(No symbol) [0x00720D97]
	(No symbol) [0x0072253D]
	GetHandleVerifier [0x00ADABF2+2510930]
	GetHandleVerifier [0x00B08EC1+2700065]
	GetHandleVerifier [0x00B0C86C+2714828]
	GetHandleVerifier [0x00913480+645344]
	(No symbol) [0x00800FD2]
	(No symbol) [0x00806C68]
	(No symbol) [0x00806D4B]
	(No symbol) [0x00810D6B]
	BaseThreadInitThunk [0x75D06BD9+25]
	RtlGetFullPathName_UEx [0x77828FD2+1218]
	RtlGetFullPathName_UEx [0x77828F9D+1165]
" type="org.openqa.selenium.SessionNotCreatedException">
      <![CDATA[org.openqa.selenium.SessionNotCreatedException: session not created: This version of ChromeDriver only supports Chrome version 110
Current browser version is 112.0.5615.137 with binary path C:\Program Files\Google\Chrome\Application\chrome.exe
Build info: version: '3.14.0', revision: 'aacccce0', time: '2018-08-02T20:19:58.91Z'
System info: host: 'INVIND760', ip: '192.168.233.50', os.name: 'Windows 11', os.arch: 'amd64', os.version: '10.0', java.version: '17.0.6'
Driver info: driver.version: ChromeDriver
remote stacktrace: Backtrace:
(No symbol) [0x008637D3]
(No symbol) [0x007F8B81]
(No symbol) [0x006FB36D]
(No symbol) [0x0071ED6D]
(No symbol) [0x00719B90]
(No symbol) [0x00716FC9]
(No symbol) [0x00751ED5]
(No symbol) [0x00751B2C]
(No symbol) [0x0074B216]
(No symbol) [0x00720D97]
(No symbol) [0x0072253D]
GetHandleVerifier [0x00ADABF2+2510930]
GetHandleVerifier [0x00B08EC1+2700065]
GetHandleVerifier [0x00B0C86C+2714828]
GetHandleVerifier [0x00913480+645344]
(No symbol) [0x00800FD2]
(No symbol) [0x00806C68]
(No symbol) [0x00806D4B]
(No symbol) [0x00810D6B]
BaseThreadInitThunk [0x75D06BD9+25]
RtlGetFullPathName_UEx [0x77828FD2+1218]
RtlGetFullPathName_UEx [0x77828F9D+1165]

at java.base/jdk.internal.reflect.NativeConstructorAccessorImpl.newInstance0(Native Method)
at java.base/jdk.internal.reflect.NativeConstructorAccessorImpl.newInstance(NativeConstructorAccessorImpl.java:77)
at java.base/jdk.internal.reflect.DelegatingConstructorAccessorImpl.newInstance(DelegatingConstructorAccessorImpl.java:45)
at java.base/java.lang.reflect.Constructor.newInstanceWithCaller(Constructor.java:499)
at java.base/java.lang.reflect.Constructor.newInstance(Constructor.java:480)
at org.openqa.selenium.remote.W3CHandshakeResponse.lambda$new$0(W3CHandshakeResponse.java:57)
at org.openqa.selenium.remote.W3CHandshakeResponse.lambda$getResponseFunction$2(W3CHandshakeResponse.java:104)
at org.openqa.selenium.remote.ProtocolHandshake.lambda$createSession$0(ProtocolHandshake.java:122)
at java.base/java.util.stream.ReferencePipeline$3$1.accept(ReferencePipeline.java:197)
at java.base/java.util.Spliterators$ArraySpliterator.tryAdvance(Spliterators.java:1002)
at java.base/java.util.stream.ReferencePipeline.forEachWithCancel(ReferencePipeline.java:129)
at java.base/java.util.stream.AbstractPipeline.copyIntoWithCancel(AbstractPipeline.java:527)
at java.base/java.util.stream.AbstractPipeline.copyInto(AbstractPipeline.java:513)
at java.base/java.util.stream.AbstractPipeline.wrapAndCopyInto(AbstractPipeline.java:499)
at java.base/java.util.stream.FindOps$FindOp.evaluateSequential(FindOps.java:150)
at java.base/java.util.stream.AbstractPipeline.evaluate(AbstractPipeline.java:234)
at java.base/java.util.stream.ReferencePipeline.findFirst(ReferencePipeline.java:647)
at org.openqa.selenium.remote.ProtocolHandshake.createSession(ProtocolHandshake.java:125)
at org.openqa.selenium.remote.ProtocolHandshake.createSession(ProtocolHandshake.java:73)
at org.openqa.selenium.remote.HttpCommandExecutor.execute(HttpCommandExecutor.java:136)
at org.openqa.selenium.remote.service.DriverCommandExecutor.execute(DriverCommandExecutor.java:83)
at org.openqa.selenium.remote.RemoteWebDriver.execute(RemoteWebDriver.java:548)
at org.openqa.selenium.remote.RemoteWebDriver.startSession(RemoteWebDriver.java:212)
at org.openqa.selenium.remote.RemoteWebDriver.<init>(RemoteWebDriver.java:130)
at org.openqa.selenium.chrome.ChromeDriver.<init>(ChromeDriver.java:181)
at org.openqa.selenium.chrome.ChromeDriver.<init>(ChromeDriver.java:168)
at org.openqa.selenium.chrome.ChromeDriver.<init>(ChromeDriver.java:123)
at testCases.BaseClass.setup(BaseClass.java:79)
at java.base/jdk.internal.reflect.NativeMethodAccessorImpl.invoke0(Native Method)
at java.base/jdk.internal.reflect.NativeMethodAccessorImpl.invoke(NativeMethodAccessorImpl.java:77)
at java.base/jdk.internal.reflect.DelegatingMethodAccessorImpl.invoke(DelegatingMethodAccessorImpl.java:43)
at java.base/java.lang.reflect.Method.invoke(Method.java:568)
at org.testng.internal.MethodInvocationHelper.invokeMethod(MethodInvocationHelper.java:124)
at org.testng.internal.MethodInvocationHelper.invokeMethodConsideringTimeout(MethodInvocationHelper.java:59)
at org.testng.internal.Invoker.invokeConfigurationMethod(Invoker.java:458)
at org.testng.internal.Invoker.invokeConfigurations(Invoker.java:222)
at org.testng.internal.Invoker.invokeConfigurations(Invoker.java:142)
at org.testng.internal.TestMethodWorker.invokeBeforeClassMethods(TestMethodWorker.java:168)
at org.testng.internal.TestMethodWorker.run(TestMethodWorker.java:105)
at org.testng.TestRunner.privateRun(TestRunner.java:648)
at org.testng.TestRunner.run(TestRunner.java:505)
at org.testng.SuiteRunner.runTest(SuiteRunner.java:455)
at org.testng.SuiteRunner.runSequentially(SuiteRunner.java:450)
at org.testng.SuiteRunner.privateRun(SuiteRunner.java:415)
at org.testng.SuiteRunner.run(SuiteRunner.java:364)
at org.testng.SuiteRunnerWorker.runSuite(SuiteRunnerWorker.java:52)
at org.testng.SuiteRunnerWorker.run(SuiteRunnerWorker.java:84)
at org.testng.TestNG.runSuitesSequentially(TestNG.java:1208)
at org.testng.TestNG.runSuitesLocally(TestNG.java:1137)
at org.testng.TestNG.runSuites(TestNG.java:1049)
at org.testng.TestNG.run(TestNG.java:1017)
at org.testng.remote.AbstractRemoteTestNG.run(AbstractRemoteTestNG.java:115)
at org.testng.remote.RemoteTestNG.initAndRun(RemoteTestNG.java:251)
at org.testng.remote.RemoteTestNG.main(RemoteTestNG.java:77)
]]>
    </error>
  </testcase> <!-- setup -->
  <testcase classname="testCases.TC_004_Title_Test" name="TC_004_Title" time="0.000">
    <skipped/>
  </testcase> <!-- TC_004_Title -->
  <testcase classname="testCases.TC_004_Title_Test" name="TC_004_Title" time="0.000">
    <skipped/>
  </testcase> <!-- TC_004_Title -->
  <testcase classname="testCases.TC_004_Title_Test" name="TC_004_Title" time="0.000">
    <skipped/>
  </testcase> <!-- TC_004_Title -->
  <testcase classname="testCases.TC_004_Title_Test" name="TC_004_Title" time="0.000">
    <skipped/>
  </testcase> <!-- TC_004_Title -->
  <testcase classname="testCases.TC_004_Title_Test" name="TC_004_Title" time="0.000">
    <skipped/>
  </testcase> <!-- TC_004_Title -->
  <testcase classname="testCases.TC_004_Title_Test" name="TC_004_Title" time="0.000">
    <skipped/>
  </testcase> <!-- TC_004_Title -->
  <testcase classname="testCases.TC_004_Title_Test" name="TC_004_Title" time="0.000">
    <skipped/>
  </testcase> <!-- TC_004_Title -->
  <testcase classname="testCases.TC_004_Title_Test" name="TC_004_Title" time="0.000">
    <skipped/>
  </testcase> <!-- TC_004_Title -->
  <testcase classname="testCases.TC_004_Title_Test" name="TC_004_Title" time="0.000">
    <skipped/>
  </testcase> <!-- TC_004_Title -->
  <testcase classname="testCases.TC_004_Title_Test" name="TC_004_Title" time="0.000">
    <skipped/>
  </testcase> <!-- TC_004_Title -->
  <testcase classname="testCases.TC_004_Title_Test" name="TC_004_Title" time="0.000">
    <skipped/>
  </testcase> <!-- TC_004_Title -->
  <testcase classname="testCases.TC_004_Title_Test" name="TC_004_Title" time="0.000">
    <skipped/>
  </testcase> <!-- TC_004_Title -->
  <testcase classname="testCases.TC_004_Title_Test" name="TC_004_Title" time="0.000">
    <skipped/>
  </testcase> <!-- TC_004_Title -->
</testsuite> <!-- testCases.TC_004_Title_Test -->
