<?xml version="1.0" encoding="UTF-8"?>
<!-- Generated by org.testng.reporters.JUnitXMLReporter -->
<testsuite ignored="0" hostname="INVIND760" failures="0" tests="27" name="Aenglo App Test" time="0.184" errors="0" timestamp="28 Jul 2023 18:04:54 GMT">
  <testcase classname="testCases.BaseClass" name="@BeforeClass setup" time="0.0">
    <failure type="org.testng.TestNGException" message="
Parameter &amp;apos;checkImageblank&amp;apos; is required by BeforeClass on method setup but has not been marked @Optional or defined
in C:\Users\Nusarat.Haveliwala\Desktop\Selanium\SCO_Content4\Testng.xml">
      <![CDATA[org.testng.TestNGException: 
Parameter 'checkImageblank' is required by BeforeClass on method setup but has not been marked @Optional or defined
in C:\Users\Nusarat.Haveliwala\Desktop\Selanium\SCO_Content4\Testng.xml
... Removed 23 stack frames]]>
    </failure>
  </testcase> <!-- @BeforeClass setup -->
  <testcase classname="testCases.BaseClass" name="@AfterClass tearDown" time="0.0">
    <skipped/>
  </testcase> <!-- @AfterClass tearDown -->
  <testcase classname="testCases.TC_Content_Check" name="TC_Content_Check" time="0.0">
    <skipped/>
  </testcase> <!-- TC_Content_Check -->
  <testcase classname="testCases.TC_Content_Check" name="TC_Content_Check" time="0.0">
    <skipped/>
  </testcase> <!-- TC_Content_Check -->
  <testcase classname="testCases.TC_Content_Check" name="TC_Content_Check" time="0.0">
    <skipped/>
  </testcase> <!-- TC_Content_Check -->
  <testcase classname="testCases.TC_Content_Check" name="TC_Content_Check" time="0.0">
    <skipped/>
  </testcase> <!-- TC_Content_Check -->
  <testcase classname="testCases.TC_Content_Check" name="TC_Content_Check" time="0.0">
    <skipped/>
  </testcase> <!-- TC_Content_Check -->
  <testcase classname="testCases.TC_Content_Check" name="TC_Content_Check" time="0.0">
    <skipped/>
  </testcase> <!-- TC_Content_Check -->
  <testcase classname="testCases.TC_Content_Check" name="TC_Content_Check" time="0.0">
    <skipped/>
  </testcase> <!-- TC_Content_Check -->
  <testcase classname="testCases.TC_Content_Check" name="TC_Content_Check" time="0.0">
    <skipped/>
  </testcase> <!-- TC_Content_Check -->
  <testcase classname="testCases.TC_Content_Check" name="TC_Content_Check" time="0.0">
    <skipped/>
  </testcase> <!-- TC_Content_Check -->
  <testcase classname="testCases.TC_Content_Check" name="TC_Content_Check" time="0.0">
    <skipped/>
  </testcase> <!-- TC_Content_Check -->
  <testcase classname="testCases.TC_Content_Check" name="TC_Content_Check" time="0.0">
    <skipped/>
  </testcase> <!-- TC_Content_Check -->
  <testcase classname="testCases.TC_Content_Check" name="TC_Content_Check" time="0.0">
    <skipped/>
  </testcase> <!-- TC_Content_Check -->
  <testcase classname="testCases.TC_Content_Check" name="TC_Content_Check" time="0.0">
    <skipped/>
  </testcase> <!-- TC_Content_Check -->
  <testcase classname="testCases.TC_Content_Check" name="TC_Content_Check" time="0.0">
    <skipped/>
  </testcase> <!-- TC_Content_Check -->
  <testcase classname="testCases.TC_Content_Check" name="TC_Content_Check" time="0.0">
    <skipped/>
  </testcase> <!-- TC_Content_Check -->
  <testcase classname="testCases.TC_Content_Check" name="TC_Content_Check" time="0.0">
    <skipped/>
  </testcase> <!-- TC_Content_Check -->
  <testcase classname="testCases.TC_Content_Check" name="TC_Content_Check" time="0.0">
    <skipped/>
  </testcase> <!-- TC_Content_Check -->
  <testcase classname="testCases.TC_Content_Check" name="TC_Content_Check" time="0.0">
    <skipped/>
  </testcase> <!-- TC_Content_Check -->
  <testcase classname="testCases.TC_Content_Check" name="TC_Content_Check" time="0.0">
    <skipped/>
  </testcase> <!-- TC_Content_Check -->
  <testcase classname="testCases.TC_Content_Check" name="TC_Content_Check" time="0.0">
    <skipped/>
  </testcase> <!-- TC_Content_Check -->
  <testcase classname="testCases.TC_Content_Check" name="TC_Content_Check" time="0.0">
    <skipped/>
  </testcase> <!-- TC_Content_Check -->
  <testcase classname="testCases.TC_Content_Check" name="TC_Content_Check" time="0.0">
    <skipped/>
  </testcase> <!-- TC_Content_Check -->
  <testcase classname="testCases.TC_Content_Check" name="TC_Content_Check" time="0.0">
    <skipped/>
  </testcase> <!-- TC_Content_Check -->
  <testcase classname="testCases.TC_Content_Check" name="TC_Content_Check" time="0.0">
    <skipped/>
  </testcase> <!-- TC_Content_Check -->
  <testcase classname="testCases.TC_Content_Check" name="TC_Content_Check" time="0.0">
    <skipped/>
  </testcase> <!-- TC_Content_Check -->
  <testcase classname="testCases.TC_Content_Check" name="TC_Content_Check" time="0.0">
    <skipped/>
  </testcase> <!-- TC_Content_Check -->
  <testcase classname="testCases.TC_Content_Check" name="TC_Content_Check" time="0.0">
    <skipped/>
  </testcase> <!-- TC_Content_Check -->
</testsuite> <!-- Aenglo App Test -->
